[ 2025-07-06 16:07:59,915 ] 1025 httpx - INFO - HTTP Request: GET https://dagshub.com/api/v1/user "HTTP/1.1 200 OK"
[ 2025-07-06 16:07:59,929 ] 107 dagshub - INFO - Accessing as muaazsiddique97
[ 2025-07-06 16:08:01,351 ] 1025 httpx - INFO - HTTP Request: GET https://dagshub.com/api/v1/repos/muaazsiddique97/networksecurity "HTTP/1.1 200 OK"
[ 2025-07-06 16:08:02,436 ] 1025 httpx - INFO - HTTP Request: GET https://dagshub.com/api/v1/user "HTTP/1.1 200 OK"
[ 2025-07-06 16:08:02,440 ] 107 dagshub - INFO - Initialized MLflow to track repo "muaazsiddique97/networksecurity"
[ 2025-07-06 16:08:02,442 ] 107 dagshub - INFO - Repository muaazsiddique97/networksecurity initialized!
[ 2025-07-06 16:08:02,483 ] 20 root - INFO - Initiate the data ingestion
[ 2025-07-06 16:08:02,574 ] 45 root - INFO - Successfully loaded 11055 records from local CSV file
[ 2025-07-06 16:08:02,696 ] 68 root - INFO - Performed train test split on the dataframe
[ 2025-07-06 16:08:02,696 ] 70 root - INFO - Exited split_data_as_train_test method of Data_Ingestion class
[ 2025-07-06 16:08:02,697 ] 78 root - INFO - Exporting train and test file path.
[ 2025-07-06 16:08:02,797 ] 87 root - INFO - Exported train and test file path.
[ 2025-07-06 16:08:02,798 ] 22 root - INFO - Data Initiation Completed
[ 2025-07-06 16:08:02,808 ] 26 root - INFO - Initiate the data Validation
[ 2025-07-06 16:08:02,903 ] 32 root - INFO - Required number of columns:2
[ 2025-07-06 16:08:02,903 ] 33 root - INFO - Data frame has columns:31
[ 2025-07-06 16:08:02,904 ] 32 root - INFO - Required number of columns:2
[ 2025-07-06 16:08:02,904 ] 33 root - INFO - Data frame has columns:31
[ 2025-07-06 16:08:03,207 ] 28 root - INFO - data Validation Completed
[ 2025-07-06 16:08:03,209 ] 31 root - INFO - data Transformation started
[ 2025-07-06 16:08:03,210 ] 63 root - INFO - Entered initiate_data_transformation method of DataTransformation class
[ 2025-07-06 16:08:03,210 ] 65 root - INFO - Starting data transformation
[ 2025-07-06 16:08:03,269 ] 48 root - INFO - Entered get_data_trnasformer_object method of Trnasformation class
[ 2025-07-06 16:08:03,269 ] 53 root - INFO - Initialise KNNImputer with {'missing_values': nan, 'n_neighbors': 3, 'weights': 'uniform'}
[ 2025-07-06 16:08:03,289 ] 46 root - INFO - Entered the save_object method of MainUtils class
[ 2025-07-06 16:08:03,293 ] 50 root - INFO - Exited the save_object method of MainUtils class
[ 2025-07-06 16:08:03,294 ] 46 root - INFO - Entered the save_object method of MainUtils class
[ 2025-07-06 16:08:03,298 ] 50 root - INFO - Exited the save_object method of MainUtils class
[ 2025-07-06 16:08:03,300 ] 35 root - INFO - data Transformation completed
[ 2025-07-06 16:08:03,300 ] 37 root - INFO - Model Training sstared
